[0.460s] Invoking command in '/home/dgy/fractal_walker_ws/src/hilbert_walker': PYTHONPATH=/home/dgy/fractal_walker_ws/build/hilbert_walker/prefix_override:/usr/lib/python3/dist-packages/colcon_core/task/python/colcon_distutils_commands:/home/dgy/fractal_walker_ws/install/hilbert_walker/lib/python3.10/site-packages:${PYTHONPATH} /usr/bin/python3 -W ignore:setup.py install is deprecated -W ignore:easy_install command is deprecated setup.py egg_info --egg-base ../../build/hilbert_walker build --build-base /home/dgy/fractal_walker_ws/build/hilbert_walker/build install --record /home/dgy/fractal_walker_ws/build/hilbert_walker/install.log --single-version-externally-managed install_data
[0.635s] running egg_info
[0.636s] creating ../../build/hilbert_walker/hilbert_walker.egg-info
[0.636s] writing ../../build/hilbert_walker/hilbert_walker.egg-info/PKG-INFO
[0.637s] writing dependency_links to ../../build/hilbert_walker/hilbert_walker.egg-info/dependency_links.txt
[0.637s] writing entry points to ../../build/hilbert_walker/hilbert_walker.egg-info/entry_points.txt
[0.637s] writing requirements to ../../build/hilbert_walker/hilbert_walker.egg-info/requires.txt
[0.637s] writing top-level names to ../../build/hilbert_walker/hilbert_walker.egg-info/top_level.txt
[0.637s] writing manifest file '../../build/hilbert_walker/hilbert_walker.egg-info/SOURCES.txt'
[0.638s] reading manifest file '../../build/hilbert_walker/hilbert_walker.egg-info/SOURCES.txt'
[0.639s] writing manifest file '../../build/hilbert_walker/hilbert_walker.egg-info/SOURCES.txt'
[0.639s] running build
[0.640s] running build_py
[0.640s] creating /home/dgy/fractal_walker_ws/build/hilbert_walker/build
[0.640s] creating /home/dgy/fractal_walker_ws/build/hilbert_walker/build/lib
[0.640s] creating /home/dgy/fractal_walker_ws/build/hilbert_walker/build/lib/hilbert_walker
[0.640s] copying hilbert_walker/__init__.py -> /home/dgy/fractal_walker_ws/build/hilbert_walker/build/lib/hilbert_walker
[0.640s] copying hilbert_walker/walker.py -> /home/dgy/fractal_walker_ws/build/hilbert_walker/build/lib/hilbert_walker
[0.640s] running install
[0.641s] running install_lib
[0.641s] creating /home/dgy/fractal_walker_ws/install/hilbert_walker/lib/python3.10/site-packages/hilbert_walker
[0.642s] copying /home/dgy/fractal_walker_ws/build/hilbert_walker/build/lib/hilbert_walker/__init__.py -> /home/dgy/fractal_walker_ws/install/hilbert_walker/lib/python3.10/site-packages/hilbert_walker
[0.642s] copying /home/dgy/fractal_walker_ws/build/hilbert_walker/build/lib/hilbert_walker/walker.py -> /home/dgy/fractal_walker_ws/install/hilbert_walker/lib/python3.10/site-packages/hilbert_walker
[0.642s] byte-compiling /home/dgy/fractal_walker_ws/install/hilbert_walker/lib/python3.10/site-packages/hilbert_walker/__init__.py to __init__.cpython-310.pyc
[0.642s] byte-compiling /home/dgy/fractal_walker_ws/install/hilbert_walker/lib/python3.10/site-packages/hilbert_walker/walker.py to walker.cpython-310.pyc
[0.643s] running install_data
[0.643s] creating /home/dgy/fractal_walker_ws/install/hilbert_walker/share/ament_index
[0.643s] creating /home/dgy/fractal_walker_ws/install/hilbert_walker/share/ament_index/resource_index
[0.644s] creating /home/dgy/fractal_walker_ws/install/hilbert_walker/share/ament_index/resource_index/packages
[0.644s] copying resource/hilbert_walker -> /home/dgy/fractal_walker_ws/install/hilbert_walker/share/ament_index/resource_index/packages
[0.644s] copying package.xml -> /home/dgy/fractal_walker_ws/install/hilbert_walker/share/hilbert_walker
[0.644s] creating /home/dgy/fractal_walker_ws/install/hilbert_walker/share/hilbert_walker/launch
[0.644s] copying launch/walker_launch.py -> /home/dgy/fractal_walker_ws/install/hilbert_walker/share/hilbert_walker/launch
[0.644s] running install_egg_info
[0.646s] Copying ../../build/hilbert_walker/hilbert_walker.egg-info to /home/dgy/fractal_walker_ws/install/hilbert_walker/lib/python3.10/site-packages/hilbert_walker-0.0.0-py3.10.egg-info
[0.648s] running install_scripts
[0.666s] Installing walker script to /home/dgy/fractal_walker_ws/install/hilbert_walker/lib/hilbert_walker
[0.667s] writing list of installed files to '/home/dgy/fractal_walker_ws/build/hilbert_walker/install.log'
[0.689s] Invoked command in '/home/dgy/fractal_walker_ws/src/hilbert_walker' returned '0': PYTHONPATH=/home/dgy/fractal_walker_ws/build/hilbert_walker/prefix_override:/usr/lib/python3/dist-packages/colcon_core/task/python/colcon_distutils_commands:/home/dgy/fractal_walker_ws/install/hilbert_walker/lib/python3.10/site-packages:${PYTHONPATH} /usr/bin/python3 -W ignore:setup.py install is deprecated -W ignore:easy_install command is deprecated setup.py egg_info --egg-base ../../build/hilbert_walker build --build-base /home/dgy/fractal_walker_ws/build/hilbert_walker/build install --record /home/dgy/fractal_walker_ws/build/hilbert_walker/install.log --single-version-externally-managed install_data
