[0.529s] Invoking command in '/home/dgy/fractal_walker_ws/src/hilbert_walker': PYTHONPATH=/home/dgy/fractal_walker_ws/src/build/hilbert_walker/prefix_override:/usr/lib/python3/dist-packages/colcon_core/task/python/colcon_distutils_commands:/home/dgy/fractal_walker_ws/src/install/hilbert_walker/lib/python3.10/site-packages:${PYTHONPATH} /usr/bin/python3 -W ignore:setup.py install is deprecated -W ignore:easy_install command is deprecated setup.py egg_info --egg-base ../build/hilbert_walker build --build-base /home/dgy/fractal_walker_ws/src/build/hilbert_walker/build install --record /home/dgy/fractal_walker_ws/src/build/hilbert_walker/install.log --single-version-externally-managed install_data
[0.716s] running egg_info
[0.717s] writing ../build/hilbert_walker/hilbert_walker.egg-info/PKG-INFO
[0.717s] writing dependency_links to ../build/hilbert_walker/hilbert_walker.egg-info/dependency_links.txt
[0.717s] writing entry points to ../build/hilbert_walker/hilbert_walker.egg-info/entry_points.txt
[0.717s] writing requirements to ../build/hilbert_walker/hilbert_walker.egg-info/requires.txt
[0.717s] writing top-level names to ../build/hilbert_walker/hilbert_walker.egg-info/top_level.txt
[0.717s] reading manifest file '../build/hilbert_walker/hilbert_walker.egg-info/SOURCES.txt'
[0.718s] writing manifest file '../build/hilbert_walker/hilbert_walker.egg-info/SOURCES.txt'
[0.718s] running build
[0.718s] running build_py
[0.722s] copying hilbert_walker/walker.py -> /home/dgy/fractal_walker_ws/src/build/hilbert_walker/build/lib/hilbert_walker
[0.724s] running install
[0.726s] running install_lib
[0.729s] copying /home/dgy/fractal_walker_ws/src/build/hilbert_walker/build/lib/hilbert_walker/walker.py -> /home/dgy/fractal_walker_ws/src/install/hilbert_walker/lib/python3.10/site-packages/hilbert_walker
[0.729s] byte-compiling /home/dgy/fractal_walker_ws/src/install/hilbert_walker/lib/python3.10/site-packages/hilbert_walker/walker.py to walker.cpython-310.pyc
[0.731s] running install_data
[0.743s] copying package.xml -> /home/dgy/fractal_walker_ws/src/install/hilbert_walker/share/hilbert_walker
[0.743s] creating /home/dgy/fractal_walker_ws/src/install/hilbert_walker/share/hilbert_walker/launch
[0.743s] copying launch/walker_launch.py -> /home/dgy/fractal_walker_ws/src/install/hilbert_walker/share/hilbert_walker/launch
[0.748s] running install_egg_info
[0.748s] removing '/home/dgy/fractal_walker_ws/src/install/hilbert_walker/lib/python3.10/site-packages/hilbert_walker-0.0.0-py3.10.egg-info' (and everything under it)
[0.748s] Copying ../build/hilbert_walker/hilbert_walker.egg-info to /home/dgy/fractal_walker_ws/src/install/hilbert_walker/lib/python3.10/site-packages/hilbert_walker-0.0.0-py3.10.egg-info
[0.748s] running install_scripts
[0.764s] Installing walker script to /home/dgy/fractal_walker_ws/src/install/hilbert_walker/lib/hilbert_walker
[0.765s] writing list of installed files to '/home/dgy/fractal_walker_ws/src/build/hilbert_walker/install.log'
[0.785s] Invoked command in '/home/dgy/fractal_walker_ws/src/hilbert_walker' returned '0': PYTHONPATH=/home/dgy/fractal_walker_ws/src/build/hilbert_walker/prefix_override:/usr/lib/python3/dist-packages/colcon_core/task/python/colcon_distutils_commands:/home/dgy/fractal_walker_ws/src/install/hilbert_walker/lib/python3.10/site-packages:${PYTHONPATH} /usr/bin/python3 -W ignore:setup.py install is deprecated -W ignore:easy_install command is deprecated setup.py egg_info --egg-base ../build/hilbert_walker build --build-base /home/dgy/fractal_walker_ws/src/build/hilbert_walker/build install --record /home/dgy/fractal_walker_ws/src/build/hilbert_walker/install.log --single-version-externally-managed install_data
