[0.085s] DEBUG:colcon:Command line arguments: ['/usr/bin/colcon', 'build', '--packages-select', 'hilbert_walker']
[0.085s] DEBUG:colcon:Parsed command line arguments: Namespace(log_base=None, log_level=None, verb_name='build', build_base='build', install_base='install', merge_install=False, symlink_install=False, test_result_base=None, continue_on_error=False, executor='parallel', parallel_workers=3, event_handlers=None, ignore_user_meta=False, metas=['./colcon.meta'], base_paths=['.'], packages_ignore=None, packages_ignore_regex=None, paths=None, packages_up_to=None, packages_up_to_regex=None, packages_above=None, packages_above_and_dependencies=None, packages_above_depth=None, packages_select_by_dep=None, packages_skip_by_dep=None, packages_skip_up_to=None, packages_select_build_failed=False, packages_skip_build_finished=False, packages_select_test_failures=False, packages_skip_test_passed=False, packages_select=['hilbert_walker'], packages_skip=None, packages_select_regex=None, packages_skip_regex=None, packages_start=None, packages_end=None, allow_overriding=[], cmake_args=None, cmake_target=None, cmake_target_skip_unavailable=False, cmake_clean_cache=False, cmake_clean_first=False, cmake_force_configure=False, ament_cmake_args=None, catkin_cmake_args=None, catkin_skip_building_tests=False, mixin_files=None, mixin=None, verb_parser=<colcon_mixin.mixin.mixin_argument.MixinArgumentDecorator object at 0x701af0371c60>, verb_extension=<colcon_core.verb.build.BuildVerb object at 0x701af03717b0>, main=<bound method BuildVerb.main of <colcon_core.verb.build.BuildVerb object at 0x701af03717b0>>, mixin_verb=('build',))
[0.197s] Level 1:colcon.colcon_core.package_discovery:discover_packages(colcon_meta) check parameters
[0.197s] Level 1:colcon.colcon_core.package_discovery:discover_packages(recursive) check parameters
[0.197s] Level 1:colcon.colcon_core.package_discovery:discover_packages(ignore) check parameters
[0.197s] Level 1:colcon.colcon_core.package_discovery:discover_packages(path) check parameters
[0.197s] Level 1:colcon.colcon_core.package_discovery:discover_packages(colcon_meta) discover
[0.197s] Level 1:colcon.colcon_core.package_discovery:discover_packages(recursive) discover
[0.197s] INFO:colcon.colcon_core.package_discovery:Crawling recursively for packages in '/home/dgy/fracral_walker_ws/src'
[0.197s] Level 1:colcon.colcon_core.package_identification:_identify(.) by extensions ['ignore', 'ignore_ament_install']
[0.197s] Level 1:colcon.colcon_core.package_identification:_identify(.) by extension 'ignore'
[0.197s] Level 1:colcon.colcon_core.package_identification:_identify(.) by extension 'ignore_ament_install'
[0.197s] Level 1:colcon.colcon_core.package_identification:_identify(.) by extensions ['colcon_pkg']
[0.197s] Level 1:colcon.colcon_core.package_identification:_identify(.) by extension 'colcon_pkg'
[0.197s] Level 1:colcon.colcon_core.package_identification:_identify(.) by extensions ['colcon_meta']
[0.197s] Level 1:colcon.colcon_core.package_identification:_identify(.) by extension 'colcon_meta'
[0.197s] Level 1:colcon.colcon_core.package_identification:_identify(.) by extensions ['ros']
[0.197s] Level 1:colcon.colcon_core.package_identification:_identify(.) by extension 'ros'
[0.206s] Level 1:colcon.colcon_core.package_identification:_identify(.) by extensions ['cmake', 'python']
[0.206s] Level 1:colcon.colcon_core.package_identification:_identify(.) by extension 'cmake'
[0.206s] Level 1:colcon.colcon_core.package_identification:_identify(.) by extension 'python'
[0.206s] Level 1:colcon.colcon_core.package_identification:_identify(.) by extensions ['python_setup_py']
[0.206s] Level 1:colcon.colcon_core.package_identification:_identify(.) by extension 'python_setup_py'
[0.206s] Level 1:colcon.colcon_core.package_identification:_identify(build) by extensions ['ignore', 'ignore_ament_install']
[0.206s] Level 1:colcon.colcon_core.package_identification:_identify(build) by extension 'ignore'
[0.206s] Level 1:colcon.colcon_core.package_identification:_identify(build) ignored
[0.206s] Level 1:colcon.colcon_core.package_identification:_identify(hilbert_walker) by extensions ['ignore', 'ignore_ament_install']
[0.206s] Level 1:colcon.colcon_core.package_identification:_identify(hilbert_walker) by extension 'ignore'
[0.206s] Level 1:colcon.colcon_core.package_identification:_identify(hilbert_walker) by extension 'ignore_ament_install'
[0.206s] Level 1:colcon.colcon_core.package_identification:_identify(hilbert_walker) by extensions ['colcon_pkg']
[0.206s] Level 1:colcon.colcon_core.package_identification:_identify(hilbert_walker) by extension 'colcon_pkg'
[0.206s] Level 1:colcon.colcon_core.package_identification:_identify(hilbert_walker) by extensions ['colcon_meta']
[0.206s] Level 1:colcon.colcon_core.package_identification:_identify(hilbert_walker) by extension 'colcon_meta'
[0.206s] Level 1:colcon.colcon_core.package_identification:_identify(hilbert_walker) by extensions ['ros']
[0.206s] Level 1:colcon.colcon_core.package_identification:_identify(hilbert_walker) by extension 'ros'
[0.208s] DEBUG:colcon.colcon_core.package_identification:Found ROS schema reference in package manifest in 'hilbert_walker'
[0.208s] WARNING:colcon.colcon_core.package_identification:Failed to parse ROS package manifest in 'hilbert_walker': Error(s) in package 'hilbert_walker/package.xml':
Error(s):
- The generic dependency on 'rclpy' is redundant with: exec_depend
- The generic dependency on 'geometry_msgs' is redundant with: exec_depend
- The generic dependency on 'turtlesim' is redundant with: exec_depend
[0.208s] Level 1:colcon.colcon_core.package_identification:_identify(hilbert_walker) by extensions ['cmake', 'python']
[0.208s] Level 1:colcon.colcon_core.package_identification:_identify(hilbert_walker) by extension 'cmake'
[0.208s] Level 1:colcon.colcon_core.package_identification:_identify(hilbert_walker) by extension 'python'
[0.208s] DEBUG:colcon.colcon_core.package_identification:Python package in 'hilbert_walker' passes arguments to the setup() function which requires a different identification extension than 'python'
[0.208s] Level 1:colcon.colcon_core.package_identification:_identify(hilbert_walker) by extensions ['python_setup_py']
[0.208s] Level 1:colcon.colcon_core.package_identification:_identify(hilbert_walker) by extension 'python_setup_py'
[0.395s] DEBUG:colcon.colcon_core.package_identification:Package 'hilbert_walker' with type 'python' and name 'hilbert_walker'
[0.395s] Level 1:colcon.colcon_core.package_identification:_identify(install) by extensions ['ignore', 'ignore_ament_install']
[0.395s] Level 1:colcon.colcon_core.package_identification:_identify(install) by extension 'ignore'
[0.395s] Level 1:colcon.colcon_core.package_identification:_identify(install) ignored
[0.395s] Level 1:colcon.colcon_core.package_identification:_identify(log) by extensions ['ignore', 'ignore_ament_install']
[0.395s] Level 1:colcon.colcon_core.package_identification:_identify(log) by extension 'ignore'
[0.395s] Level 1:colcon.colcon_core.package_identification:_identify(log) ignored
[0.395s] Level 1:colcon.colcon_core.package_discovery:discover_packages(recursive) using defaults
[0.395s] Level 1:colcon.colcon_core.package_discovery:discover_packages(ignore) discover
[0.395s] Level 1:colcon.colcon_core.package_discovery:discover_packages(ignore) using defaults
[0.395s] Level 1:colcon.colcon_core.package_discovery:discover_packages(path) discover
[0.395s] Level 1:colcon.colcon_core.package_discovery:discover_packages(path) using defaults
[0.417s] Level 1:colcon.colcon_core.package_discovery:discover_packages(prefix_path) check parameters
[0.417s] Level 1:colcon.colcon_core.package_discovery:discover_packages(prefix_path) discover
[0.418s] DEBUG:colcon.colcon_installed_package_information.package_discovery:Found 1 installed packages in /home/dgy/fracral_walker_ws/install
[0.419s] DEBUG:colcon.colcon_installed_package_information.package_discovery:Found 274 installed packages in /opt/ros/humble
[0.420s] Level 1:colcon.colcon_core.package_discovery:discover_packages(prefix_path) using defaults
[0.450s] Level 5:colcon.colcon_core.verb:set package 'hilbert_walker' build argument 'cmake_args' from command line to 'None'
[0.450s] Level 5:colcon.colcon_core.verb:set package 'hilbert_walker' build argument 'cmake_target' from command line to 'None'
[0.450s] Level 5:colcon.colcon_core.verb:set package 'hilbert_walker' build argument 'cmake_target_skip_unavailable' from command line to 'False'
[0.450s] Level 5:colcon.colcon_core.verb:set package 'hilbert_walker' build argument 'cmake_clean_cache' from command line to 'False'
[0.450s] Level 5:colcon.colcon_core.verb:set package 'hilbert_walker' build argument 'cmake_clean_first' from command line to 'False'
[0.450s] Level 5:colcon.colcon_core.verb:set package 'hilbert_walker' build argument 'cmake_force_configure' from command line to 'False'
[0.450s] Level 5:colcon.colcon_core.verb:set package 'hilbert_walker' build argument 'ament_cmake_args' from command line to 'None'
[0.450s] Level 5:colcon.colcon_core.verb:set package 'hilbert_walker' build argument 'catkin_cmake_args' from command line to 'None'
[0.450s] Level 5:colcon.colcon_core.verb:set package 'hilbert_walker' build argument 'catkin_skip_building_tests' from command line to 'False'
[0.450s] DEBUG:colcon.colcon_core.verb:Building package 'hilbert_walker' with the following arguments: {'ament_cmake_args': None, 'build_base': '/home/dgy/fracral_walker_ws/src/build/hilbert_walker', 'catkin_cmake_args': None, 'catkin_skip_building_tests': False, 'cmake_args': None, 'cmake_clean_cache': False, 'cmake_clean_first': False, 'cmake_force_configure': False, 'cmake_target': None, 'cmake_target_skip_unavailable': False, 'install_base': '/home/dgy/fracral_walker_ws/src/install/hilbert_walker', 'merge_install': False, 'path': '/home/dgy/fracral_walker_ws/src/hilbert_walker', 'symlink_install': False, 'test_result_base': None}
[0.450s] INFO:colcon.colcon_core.executor:Executing jobs using 'parallel' executor
[0.452s] DEBUG:colcon.colcon_parallel_executor.executor.parallel:run_until_complete
[0.452s] INFO:colcon.colcon_core.task.python.build:Building Python package in '/home/dgy/fracral_walker_ws/src/hilbert_walker'
[0.455s] INFO:colcon.colcon_core.plugin_system:Skipping extension 'colcon_core.shell.bat': Not used on non-Windows systems
[0.455s] INFO:colcon.colcon_core.shell:Skip shell extension 'powershell' for command environment: Not usable outside of PowerShell
[0.455s] DEBUG:colcon.colcon_core.shell:Skip shell extension 'dsv' for command environment
[0.895s] DEBUG:colcon.colcon_core.event_handler.log_command:Invoking command in '/home/dgy/fracral_walker_ws/src/hilbert_walker': PYTHONPATH=/home/dgy/fracral_walker_ws/src/build/hilbert_walker/prefix_override:/usr/lib/python3/dist-packages/colcon_core/task/python/colcon_distutils_commands:/home/dgy/fracral_walker_ws/src/install/hilbert_walker/lib/python3.10/site-packages:${PYTHONPATH} /usr/bin/python3 -W ignore:setup.py install is deprecated -W ignore:easy_install command is deprecated setup.py egg_info --egg-base ../build/hilbert_walker build --build-base /home/dgy/fracral_walker_ws/src/build/hilbert_walker/build install --record /home/dgy/fracral_walker_ws/src/build/hilbert_walker/install.log --single-version-externally-managed install_data
[1.125s] DEBUG:colcon.colcon_core.event_handler.log_command:Invoked command in '/home/dgy/fracral_walker_ws/src/hilbert_walker' returned '0': PYTHONPATH=/home/dgy/fracral_walker_ws/src/build/hilbert_walker/prefix_override:/usr/lib/python3/dist-packages/colcon_core/task/python/colcon_distutils_commands:/home/dgy/fracral_walker_ws/src/install/hilbert_walker/lib/python3.10/site-packages:${PYTHONPATH} /usr/bin/python3 -W ignore:setup.py install is deprecated -W ignore:easy_install command is deprecated setup.py egg_info --egg-base ../build/hilbert_walker build --build-base /home/dgy/fracral_walker_ws/src/build/hilbert_walker/build install --record /home/dgy/fracral_walker_ws/src/build/hilbert_walker/install.log --single-version-externally-managed install_data
[1.127s] Level 1:colcon.colcon_core.environment:checking '/home/dgy/fracral_walker_ws/src/install/hilbert_walker' for CMake module files
[1.128s] Level 1:colcon.colcon_core.environment:checking '/home/dgy/fracral_walker_ws/src/install/hilbert_walker' for CMake config files
[1.128s] Level 1:colcon.colcon_core.environment:checking '/home/dgy/fracral_walker_ws/src/install/hilbert_walker/lib'
[1.128s] Level 1:colcon.colcon_core.environment:checking '/home/dgy/fracral_walker_ws/src/install/hilbert_walker/bin'
[1.129s] Level 1:colcon.colcon_core.environment:checking '/home/dgy/fracral_walker_ws/src/install/hilbert_walker/lib/pkgconfig/hilbert_walker.pc'
[1.129s] Level 1:colcon.colcon_core.environment:checking '/home/dgy/fracral_walker_ws/src/install/hilbert_walker/lib/python3.10/site-packages'
[1.129s] Level 1:colcon.colcon_core.shell:create_environment_hook('hilbert_walker', 'pythonpath')
[1.129s] INFO:colcon.colcon_core.shell:Creating environment hook '/home/dgy/fracral_walker_ws/src/install/hilbert_walker/share/hilbert_walker/hook/pythonpath.ps1'
[1.129s] INFO:colcon.colcon_core.shell:Creating environment descriptor '/home/dgy/fracral_walker_ws/src/install/hilbert_walker/share/hilbert_walker/hook/pythonpath.dsv'
[1.130s] INFO:colcon.colcon_core.shell:Creating environment hook '/home/dgy/fracral_walker_ws/src/install/hilbert_walker/share/hilbert_walker/hook/pythonpath.sh'
[1.130s] Level 1:colcon.colcon_core.environment:checking '/home/dgy/fracral_walker_ws/src/install/hilbert_walker/bin'
[1.130s] Level 1:colcon.colcon_core.environment:create_environment_scripts_only(hilbert_walker)
[1.131s] INFO:colcon.colcon_core.shell:Creating package script '/home/dgy/fracral_walker_ws/src/install/hilbert_walker/share/hilbert_walker/package.ps1'
[1.131s] INFO:colcon.colcon_core.shell:Creating package descriptor '/home/dgy/fracral_walker_ws/src/install/hilbert_walker/share/hilbert_walker/package.dsv'
[1.132s] INFO:colcon.colcon_core.shell:Creating package script '/home/dgy/fracral_walker_ws/src/install/hilbert_walker/share/hilbert_walker/package.sh'
[1.132s] INFO:colcon.colcon_core.shell:Creating package script '/home/dgy/fracral_walker_ws/src/install/hilbert_walker/share/hilbert_walker/package.bash'
[1.132s] INFO:colcon.colcon_core.shell:Creating package script '/home/dgy/fracral_walker_ws/src/install/hilbert_walker/share/hilbert_walker/package.zsh'
[1.133s] Level 1:colcon.colcon_core.environment:create_file_with_runtime_dependencies(/home/dgy/fracral_walker_ws/src/install/hilbert_walker/share/colcon-core/packages/hilbert_walker)
[1.133s] DEBUG:colcon.colcon_parallel_executor.executor.parallel:closing loop
[1.134s] DEBUG:colcon.colcon_parallel_executor.executor.parallel:loop closed
[1.134s] DEBUG:colcon.colcon_parallel_executor.executor.parallel:run_until_complete finished with '0'
[1.134s] DEBUG:colcon.colcon_core.event_reactor:joining thread
[1.138s] INFO:colcon.colcon_core.plugin_system:Skipping extension 'colcon_notification.desktop_notification.terminal_notifier': Not used on non-Darwin systems
[1.138s] INFO:colcon.colcon_core.plugin_system:Skipping extension 'colcon_notification.desktop_notification.win32': Not used on non-Windows systems
[1.138s] INFO:colcon.colcon_notification.desktop_notification:Sending desktop notification using 'notify2'
[1.150s] DEBUG:colcon.colcon_core.event_reactor:joined thread
[1.151s] INFO:colcon.colcon_core.shell:Creating prefix script '/home/dgy/fracral_walker_ws/src/install/local_setup.ps1'
[1.152s] INFO:colcon.colcon_core.shell:Creating prefix util module '/home/dgy/fracral_walker_ws/src/install/_local_setup_util_ps1.py'
[1.153s] INFO:colcon.colcon_core.shell:Creating prefix chain script '/home/dgy/fracral_walker_ws/src/install/setup.ps1'
[1.154s] INFO:colcon.colcon_core.shell:Creating prefix script '/home/dgy/fracral_walker_ws/src/install/local_setup.sh'
[1.154s] INFO:colcon.colcon_core.shell:Creating prefix util module '/home/dgy/fracral_walker_ws/src/install/_local_setup_util_sh.py'
[1.155s] INFO:colcon.colcon_core.shell:Creating prefix chain script '/home/dgy/fracral_walker_ws/src/install/setup.sh'
[1.155s] INFO:colcon.colcon_core.shell:Creating prefix script '/home/dgy/fracral_walker_ws/src/install/local_setup.bash'
[1.156s] INFO:colcon.colcon_core.shell:Creating prefix chain script '/home/dgy/fracral_walker_ws/src/install/setup.bash'
[1.156s] INFO:colcon.colcon_core.shell:Creating prefix script '/home/dgy/fracral_walker_ws/src/install/local_setup.zsh'
[1.156s] INFO:colcon.colcon_core.shell:Creating prefix chain script '/home/dgy/fracral_walker_ws/src/install/setup.zsh'
