[0.442s] Invoking command in '/home/dgy/fracral_walker_ws/src/hilbert_walker': PYTHONPATH=/home/dgy/fracral_walker_ws/src/build/hilbert_walker/prefix_override:/usr/lib/python3/dist-packages/colcon_core/task/python/colcon_distutils_commands:/home/dgy/fracral_walker_ws/src/install/hilbert_walker/lib/python3.10/site-packages:${PYTHONPATH} /usr/bin/python3 -W ignore:setup.py install is deprecated -W ignore:easy_install command is deprecated setup.py egg_info --egg-base ../build/hilbert_walker build --build-base /home/dgy/fracral_walker_ws/src/build/hilbert_walker/build install --record /home/dgy/fracral_walker_ws/src/build/hilbert_walker/install.log --single-version-externally-managed install_data
[0.627s] running egg_info
[0.627s] creating ../build/hilbert_walker/hilbert_walker.egg-info
[0.627s] writing ../build/hilbert_walker/hilbert_walker.egg-info/PKG-INFO
[0.627s] writing dependency_links to ../build/hilbert_walker/hilbert_walker.egg-info/dependency_links.txt
[0.627s] writing entry points to ../build/hilbert_walker/hilbert_walker.egg-info/entry_points.txt
[0.627s] writing requirements to ../build/hilbert_walker/hilbert_walker.egg-info/requires.txt
[0.628s] writing top-level names to ../build/hilbert_walker/hilbert_walker.egg-info/top_level.txt
[0.628s] writing manifest file '../build/hilbert_walker/hilbert_walker.egg-info/SOURCES.txt'
[0.628s] reading manifest file '../build/hilbert_walker/hilbert_walker.egg-info/SOURCES.txt'
[0.628s] writing manifest file '../build/hilbert_walker/hilbert_walker.egg-info/SOURCES.txt'
[0.628s] running build
[0.628s] running build_py
[0.628s] creating /home/dgy/fracral_walker_ws/src/build/hilbert_walker/build
[0.628s] creating /home/dgy/fracral_walker_ws/src/build/hilbert_walker/build/lib
[0.628s] creating /home/dgy/fracral_walker_ws/src/build/hilbert_walker/build/lib/hilbert_walker
[0.628s] copying hilbert_walker/__init__.py -> /home/dgy/fracral_walker_ws/src/build/hilbert_walker/build/lib/hilbert_walker
[0.628s] copying hilbert_walker/walker.py -> /home/dgy/fracral_walker_ws/src/build/hilbert_walker/build/lib/hilbert_walker
[0.628s] running install
[0.628s] running install_lib
[0.628s] creating /home/dgy/fracral_walker_ws/src/install/hilbert_walker/lib/python3.10/site-packages/hilbert_walker
[0.628s] copying /home/dgy/fracral_walker_ws/src/build/hilbert_walker/build/lib/hilbert_walker/__init__.py -> /home/dgy/fracral_walker_ws/src/install/hilbert_walker/lib/python3.10/site-packages/hilbert_walker
[0.628s] copying /home/dgy/fracral_walker_ws/src/build/hilbert_walker/build/lib/hilbert_walker/walker.py -> /home/dgy/fracral_walker_ws/src/install/hilbert_walker/lib/python3.10/site-packages/hilbert_walker
[0.628s] byte-compiling /home/dgy/fracral_walker_ws/src/install/hilbert_walker/lib/python3.10/site-packages/hilbert_walker/__init__.py to __init__.cpython-310.pyc
[0.629s] byte-compiling /home/dgy/fracral_walker_ws/src/install/hilbert_walker/lib/python3.10/site-packages/hilbert_walker/walker.py to walker.cpython-310.pyc
[0.640s] running install_data
[0.640s] creating /home/dgy/fracral_walker_ws/src/install/hilbert_walker/share
[0.640s] creating /home/dgy/fracral_walker_ws/src/install/hilbert_walker/share/ament_index
[0.640s] creating /home/dgy/fracral_walker_ws/src/install/hilbert_walker/share/ament_index/resource_index
[0.640s] creating /home/dgy/fracral_walker_ws/src/install/hilbert_walker/share/ament_index/resource_index/packages
[0.640s] copying resource/hilbert_walker -> /home/dgy/fracral_walker_ws/src/install/hilbert_walker/share/ament_index/resource_index/packages
[0.640s] creating /home/dgy/fracral_walker_ws/src/install/hilbert_walker/share/hilbert_walker
[0.640s] copying package.xml -> /home/dgy/fracral_walker_ws/src/install/hilbert_walker/share/hilbert_walker
[0.640s] running install_egg_info
[0.641s] Copying ../build/hilbert_walker/hilbert_walker.egg-info to /home/dgy/fracral_walker_ws/src/install/hilbert_walker/lib/python3.10/site-packages/hilbert_walker-0.0.0-py3.10.egg-info
[0.641s] running install_scripts
[0.651s] Installing walker script to /home/dgy/fracral_walker_ws/src/install/hilbert_walker/lib/hilbert_walker
[0.651s] writing list of installed files to '/home/dgy/fracral_walker_ws/src/build/hilbert_walker/install.log'
[0.672s] Invoked command in '/home/dgy/fracral_walker_ws/src/hilbert_walker' returned '0': PYTHONPATH=/home/dgy/fracral_walker_ws/src/build/hilbert_walker/prefix_override:/usr/lib/python3/dist-packages/colcon_core/task/python/colcon_distutils_commands:/home/dgy/fracral_walker_ws/src/install/hilbert_walker/lib/python3.10/site-packages:${PYTHONPATH} /usr/bin/python3 -W ignore:setup.py install is deprecated -W ignore:easy_install command is deprecated setup.py egg_info --egg-base ../build/hilbert_walker build --build-base /home/dgy/fracral_walker_ws/src/build/hilbert_walker/build install --record /home/dgy/fracral_walker_ws/src/build/hilbert_walker/install.log --single-version-externally-managed install_data
