[0.422s] Invoking command in '/home/dgy/fractal_walker_ws/src/hilbert_walker': PYTHONPATH=/home/dgy/fractal_walker_ws/build/hilbert_walker/prefix_override:/usr/lib/python3/dist-packages/colcon_core/task/python/colcon_distutils_commands:/home/dgy/fractal_walker_ws/install/hilbert_walker/lib/python3.10/site-packages:${PYTHONPATH} /usr/bin/python3 -W ignore:setup.py install is deprecated -W ignore:easy_install command is deprecated setup.py egg_info --egg-base ../../build/hilbert_walker build --build-base /home/dgy/fractal_walker_ws/build/hilbert_walker/build install --record /home/dgy/fractal_walker_ws/build/hilbert_walker/install.log --single-version-externally-managed install_data
[0.576s] running egg_info
[0.576s] writing ../../build/hilbert_walker/hilbert_walker.egg-info/PKG-INFO
[0.576s] writing dependency_links to ../../build/hilbert_walker/hilbert_walker.egg-info/dependency_links.txt
[0.576s] writing entry points to ../../build/hilbert_walker/hilbert_walker.egg-info/entry_points.txt
[0.576s] writing requirements to ../../build/hilbert_walker/hilbert_walker.egg-info/requires.txt
[0.576s] writing top-level names to ../../build/hilbert_walker/hilbert_walker.egg-info/top_level.txt
[0.577s] reading manifest file '../../build/hilbert_walker/hilbert_walker.egg-info/SOURCES.txt'
[0.579s] writing manifest file '../../build/hilbert_walker/hilbert_walker.egg-info/SOURCES.txt'
[0.579s] running build
[0.579s] running build_py
[0.579s] running install
[0.590s] running install_lib
[0.590s] running install_data
[0.590s] running install_egg_info
[0.590s] removing '/home/dgy/fractal_walker_ws/install/hilbert_walker/lib/python3.10/site-packages/hilbert_walker-0.0.0-py3.10.egg-info' (and everything under it)
[0.592s] Copying ../../build/hilbert_walker/hilbert_walker.egg-info to /home/dgy/fractal_walker_ws/install/hilbert_walker/lib/python3.10/site-packages/hilbert_walker-0.0.0-py3.10.egg-info
[0.592s] running install_scripts
[0.606s] Installing walker script to /home/dgy/fractal_walker_ws/install/hilbert_walker/lib/hilbert_walker
[0.607s] writing list of installed files to '/home/dgy/fractal_walker_ws/build/hilbert_walker/install.log'
[0.630s] Invoked command in '/home/dgy/fractal_walker_ws/src/hilbert_walker' returned '0': PYTHONPATH=/home/dgy/fractal_walker_ws/build/hilbert_walker/prefix_override:/usr/lib/python3/dist-packages/colcon_core/task/python/colcon_distutils_commands:/home/dgy/fractal_walker_ws/install/hilbert_walker/lib/python3.10/site-packages:${PYTHONPATH} /usr/bin/python3 -W ignore:setup.py install is deprecated -W ignore:easy_install command is deprecated setup.py egg_info --egg-base ../../build/hilbert_walker build --build-base /home/dgy/fractal_walker_ws/build/hilbert_walker/build install --record /home/dgy/fractal_walker_ws/build/hilbert_walker/install.log --single-version-externally-managed install_data
