[0.825s] Invoking command in '/home/dgy/fractal_walker_ws/src/hilbert_walker': PYTHONPATH=/home/dgy/fractal_walker_ws/build/hilbert_walker/prefix_override:/usr/lib/python3/dist-packages/colcon_core/task/python/colcon_distutils_commands:/home/dgy/fractal_walker_ws/install/hilbert_walker/lib/python3.10/site-packages:${PYTHONPATH} /usr/bin/python3 -W ignore:setup.py install is deprecated -W ignore:easy_install command is deprecated setup.py egg_info --egg-base ../../build/hilbert_walker build --build-base /home/dgy/fractal_walker_ws/build/hilbert_walker/build install --record /home/dgy/fractal_walker_ws/build/hilbert_walker/install.log --single-version-externally-managed install_data
[1.006s] running egg_info
[1.006s] writing ../../build/hilbert_walker/hilbert_walker.egg-info/PKG-INFO
[1.007s] writing dependency_links to ../../build/hilbert_walker/hilbert_walker.egg-info/dependency_links.txt
[1.007s] writing entry points to ../../build/hilbert_walker/hilbert_walker.egg-info/entry_points.txt
[1.008s] writing requirements to ../../build/hilbert_walker/hilbert_walker.egg-info/requires.txt
[1.008s] writing top-level names to ../../build/hilbert_walker/hilbert_walker.egg-info/top_level.txt
[1.010s] reading manifest file '../../build/hilbert_walker/hilbert_walker.egg-info/SOURCES.txt'
[1.013s] writing manifest file '../../build/hilbert_walker/hilbert_walker.egg-info/SOURCES.txt'
[1.013s] running build
[1.013s] running build_py
[1.013s] copying hilbert_walker/walker.py -> /home/dgy/fractal_walker_ws/build/hilbert_walker/build/lib/hilbert_walker
[1.013s] running install
[1.013s] running install_lib
[1.015s] copying /home/dgy/fractal_walker_ws/build/hilbert_walker/build/lib/hilbert_walker/walker.py -> /home/dgy/fractal_walker_ws/install/hilbert_walker/lib/python3.10/site-packages/hilbert_walker
[1.015s] byte-compiling /home/dgy/fractal_walker_ws/install/hilbert_walker/lib/python3.10/site-packages/hilbert_walker/walker.py to walker.cpython-310.pyc
[1.016s] running install_data
[1.017s] running install_egg_info
[1.020s] removing '/home/dgy/fractal_walker_ws/install/hilbert_walker/lib/python3.10/site-packages/hilbert_walker-0.0.0-py3.10.egg-info' (and everything under it)
[1.022s] Copying ../../build/hilbert_walker/hilbert_walker.egg-info to /home/dgy/fractal_walker_ws/install/hilbert_walker/lib/python3.10/site-packages/hilbert_walker-0.0.0-py3.10.egg-info
[1.023s] running install_scripts
[1.039s] Installing walker script to /home/dgy/fractal_walker_ws/install/hilbert_walker/lib/hilbert_walker
[1.040s] writing list of installed files to '/home/dgy/fractal_walker_ws/build/hilbert_walker/install.log'
[1.061s] Invoked command in '/home/dgy/fractal_walker_ws/src/hilbert_walker' returned '0': PYTHONPATH=/home/dgy/fractal_walker_ws/build/hilbert_walker/prefix_override:/usr/lib/python3/dist-packages/colcon_core/task/python/colcon_distutils_commands:/home/dgy/fractal_walker_ws/install/hilbert_walker/lib/python3.10/site-packages:${PYTHONPATH} /usr/bin/python3 -W ignore:setup.py install is deprecated -W ignore:easy_install command is deprecated setup.py egg_info --egg-base ../../build/hilbert_walker build --build-base /home/dgy/fractal_walker_ws/build/hilbert_walker/build install --record /home/dgy/fractal_walker_ws/build/hilbert_walker/install.log --single-version-externally-managed install_data
