[0.438s] Invoking command in '/home/dgy/fracral_walker_ws/src/hilbert_walker': PYTHONPATH=/home/dgy/fracral_walker_ws/src/build/hilbert_walker/prefix_override:/usr/lib/python3/dist-packages/colcon_core/task/python/colcon_distutils_commands:/home/dgy/fracral_walker_ws/src/install/hilbert_walker/lib/python3.10/site-packages:${PYTHONPATH} /usr/bin/python3 -W ignore:setup.py install is deprecated -W ignore:easy_install command is deprecated setup.py egg_info --egg-base ../build/hilbert_walker build --build-base /home/dgy/fracral_walker_ws/src/build/hilbert_walker/build install --record /home/dgy/fracral_walker_ws/src/build/hilbert_walker/install.log --single-version-externally-managed install_data
[0.656s] running egg_info
[0.657s] writing ../build/hilbert_walker/hilbert_walker.egg-info/PKG-INFO
[0.657s] writing dependency_links to ../build/hilbert_walker/hilbert_walker.egg-info/dependency_links.txt
[0.658s] writing entry points to ../build/hilbert_walker/hilbert_walker.egg-info/entry_points.txt
[0.659s] writing requirements to ../build/hilbert_walker/hilbert_walker.egg-info/requires.txt
[0.659s] writing top-level names to ../build/hilbert_walker/hilbert_walker.egg-info/top_level.txt
[0.662s] reading manifest file '../build/hilbert_walker/hilbert_walker.egg-info/SOURCES.txt'
[0.663s] writing manifest file '../build/hilbert_walker/hilbert_walker.egg-info/SOURCES.txt'
[0.663s] running build
[0.664s] running build_py
[0.664s] running install
[0.664s] running install_lib
[0.668s] running install_data
[0.668s] running install_egg_info
[0.668s] removing '/home/dgy/fracral_walker_ws/src/install/hilbert_walker/lib/python3.10/site-packages/hilbert_walker-0.0.0-py3.10.egg-info' (and everything under it)
[0.668s] Copying ../build/hilbert_walker/hilbert_walker.egg-info to /home/dgy/fracral_walker_ws/src/install/hilbert_walker/lib/python3.10/site-packages/hilbert_walker-0.0.0-py3.10.egg-info
[0.669s] running install_scripts
[0.689s] Installing walker script to /home/dgy/fracral_walker_ws/src/install/hilbert_walker/lib/hilbert_walker
[0.690s] writing list of installed files to '/home/dgy/fracral_walker_ws/src/build/hilbert_walker/install.log'
[0.721s] Invoked command in '/home/dgy/fracral_walker_ws/src/hilbert_walker' returned '0': PYTHONPATH=/home/dgy/fracral_walker_ws/src/build/hilbert_walker/prefix_override:/usr/lib/python3/dist-packages/colcon_core/task/python/colcon_distutils_commands:/home/dgy/fracral_walker_ws/src/install/hilbert_walker/lib/python3.10/site-packages:${PYTHONPATH} /usr/bin/python3 -W ignore:setup.py install is deprecated -W ignore:easy_install command is deprecated setup.py egg_info --egg-base ../build/hilbert_walker build --build-base /home/dgy/fracral_walker_ws/src/build/hilbert_walker/build install --record /home/dgy/fracral_walker_ws/src/build/hilbert_walker/install.log --single-version-externally-managed install_data
